11:18:20 **** Incremental Build of configuration Debug for project AssignmentProject ****
make -j8 all 
arm-none-eabi-gcc "../Core/Src/button.c" -mcpu=cortex-m3 -std=gnu11 -g3 -DDEBUG -DUSE_HAL_DRIVER -DSTM32F103xB -c -I../Core/Inc -I../Drivers/STM32F1xx_HAL_Driver/Inc -I../Drivers/STM32F1xx_HAL_Driver/Inc/Legacy -I../Drivers/CMSIS/Device/ST/STM32F1xx/Include -I../Drivers/CMSIS/Include -O0 -ffunction-sections -fdata-sections -Wall -fstack-usage -MMD -MP -MF"Core/Src/button.d" -MT"Core/Src/button.o" --specs=nano.specs -mfloat-abi=soft -mthumb -o "Core/Src/button.o"
arm-none-eabi-gcc "../Core/Src/buzzer.c" -mcpu=cortex-m3 -std=gnu11 -g3 -DDEBUG -DUSE_HAL_DRIVER -DSTM32F103xB -c -I../Core/Inc -I../Drivers/STM32F1xx_HAL_Driver/Inc -I../Drivers/STM32F1xx_HAL_Driver/Inc/Legacy -I../Drivers/CMSIS/Device/ST/STM32F1xx/Include -I../Drivers/CMSIS/Include -O0 -ffunction-sections -fdata-sections -Wall -fstack-usage -MMD -MP -MF"Core/Src/buzzer.d" -MT"Core/Src/buzzer.o" --specs=nano.specs -mfloat-abi=soft -mthumb -o "Core/Src/buzzer.o"
arm-none-eabi-gcc "../Core/Src/global.c" -mcpu=cortex-m3 -std=gnu11 -g3 -DDEBUG -DUSE_HAL_DRIVER -DSTM32F103xB -c -I../Core/Inc -I../Drivers/STM32F1xx_HAL_Driver/Inc -I../Drivers/STM32F1xx_HAL_Driver/Inc/Legacy -I../Drivers/CMSIS/Device/ST/STM32F1xx/Include -I../Drivers/CMSIS/Include -O0 -ffunction-sections -fdata-sections -Wall -fstack-usage -MMD -MP -MF"Core/Src/global.d" -MT"Core/Src/global.o" --specs=nano.specs -mfloat-abi=soft -mthumb -o "Core/Src/global.o"
arm-none-eabi-gcc "../Core/Src/main.c" -mcpu=cortex-m3 -std=gnu11 -g3 -DDEBUG -DUSE_HAL_DRIVER -DSTM32F103xB -c -I../Core/Inc -I../Drivers/STM32F1xx_HAL_Driver/Inc -I../Drivers/STM32F1xx_HAL_Driver/Inc/Legacy -I../Drivers/CMSIS/Device/ST/STM32F1xx/Include -I../Drivers/CMSIS/Include -O0 -ffunction-sections -fdata-sections -Wall -fstack-usage -MMD -MP -MF"Core/Src/main.d" -MT"Core/Src/main.o" --specs=nano.specs -mfloat-abi=soft -mthumb -o "Core/Src/main.o"
arm-none-eabi-gcc "../Core/Src/pedestrian_light.c" -mcpu=cortex-m3 -std=gnu11 -g3 -DDEBUG -DUSE_HAL_DRIVER -DSTM32F103xB -c -I../Core/Inc -I../Drivers/STM32F1xx_HAL_Driver/Inc -I../Drivers/STM32F1xx_HAL_Driver/Inc/Legacy -I../Drivers/CMSIS/Device/ST/STM32F1xx/Include -I../Drivers/CMSIS/Include -O0 -ffunction-sections -fdata-sections -Wall -fstack-usage -MMD -MP -MF"Core/Src/pedestrian_light.d" -MT"Core/Src/pedestrian_light.o" --specs=nano.specs -mfloat-abi=soft -mthumb -o "Core/Src/pedestrian_light.o"
arm-none-eabi-gcc "../Core/Src/scheduler.c" -mcpu=cortex-m3 -std=gnu11 -g3 -DDEBUG -DUSE_HAL_DRIVER -DSTM32F103xB -c -I../Core/Inc -I../Drivers/STM32F1xx_HAL_Driver/Inc -I../Drivers/STM32F1xx_HAL_Driver/Inc/Legacy -I../Drivers/CMSIS/Device/ST/STM32F1xx/Include -I../Drivers/CMSIS/Include -O0 -ffunction-sections -fdata-sections -Wall -fstack-usage -MMD -MP -MF"Core/Src/scheduler.d" -MT"Core/Src/scheduler.o" --specs=nano.specs -mfloat-abi=soft -mthumb -o "Core/Src/scheduler.o"
arm-none-eabi-gcc "../Core/Src/software_timer.c" -mcpu=cortex-m3 -std=gnu11 -g3 -DDEBUG -DUSE_HAL_DRIVER -DSTM32F103xB -c -I../Core/Inc -I../Drivers/STM32F1xx_HAL_Driver/Inc -I../Drivers/STM32F1xx_HAL_Driver/Inc/Legacy -I../Drivers/CMSIS/Device/ST/STM32F1xx/Include -I../Drivers/CMSIS/Include -O0 -ffunction-sections -fdata-sections -Wall -fstack-usage -MMD -MP -MF"Core/Src/software_timer.d" -MT"Core/Src/software_timer.o" --specs=nano.specs -mfloat-abi=soft -mthumb -o "Core/Src/software_timer.o"
arm-none-eabi-gcc "../Core/Src/traffic_automatic.c" -mcpu=cortex-m3 -std=gnu11 -g3 -DDEBUG -DUSE_HAL_DRIVER -DSTM32F103xB -c -I../Core/Inc -I../Drivers/STM32F1xx_HAL_Driver/Inc -I../Drivers/STM32F1xx_HAL_Driver/Inc/Legacy -I../Drivers/CMSIS/Device/ST/STM32F1xx/Include -I../Drivers/CMSIS/Include -O0 -ffunction-sections -fdata-sections -Wall -fstack-usage -MMD -MP -MF"Core/Src/traffic_automatic.d" -MT"Core/Src/traffic_automatic.o" --specs=nano.specs -mfloat-abi=soft -mthumb -o "Core/Src/traffic_automatic.o"
../Core/Src/software_timer.c: In function 'timerInit':
../Core/Src/software_timer.c:58:1: warning: control reaches end of non-void function [-Wreturn-type]
   58 | }
      | ^
arm-none-eabi-gcc "../Core/Src/traffic_manual.c" -mcpu=cortex-m3 -std=gnu11 -g3 -DDEBUG -DUSE_HAL_DRIVER -DSTM32F103xB -c -I../Core/Inc -I../Drivers/STM32F1xx_HAL_Driver/Inc -I../Drivers/STM32F1xx_HAL_Driver/Inc/Legacy -I../Drivers/CMSIS/Device/ST/STM32F1xx/Include -I../Drivers/CMSIS/Include -O0 -ffunction-sections -fdata-sections -Wall -fstack-usage -MMD -MP -MF"Core/Src/traffic_manual.d" -MT"Core/Src/traffic_manual.o" --specs=nano.specs -mfloat-abi=soft -mthumb -o "Core/Src/traffic_manual.o"
arm-none-eabi-gcc "../Core/Src/traffic_tuning.c" -mcpu=cortex-m3 -std=gnu11 -g3 -DDEBUG -DUSE_HAL_DRIVER -DSTM32F103xB -c -I../Core/Inc -I../Drivers/STM32F1xx_HAL_Driver/Inc -I../Drivers/STM32F1xx_HAL_Driver/Inc/Legacy -I../Drivers/CMSIS/Device/ST/STM32F1xx/Include -I../Drivers/CMSIS/Include -O0 -ffunction-sections -fdata-sections -Wall -fstack-usage -MMD -MP -MF"Core/Src/traffic_tuning.d" -MT"Core/Src/traffic_tuning.o" --specs=nano.specs -mfloat-abi=soft -mthumb -o "Core/Src/traffic_tuning.o"
arm-none-eabi-gcc -o "AssignmentProject.elf" @"objects.list"   -mcpu=cortex-m3 -T"E:\Files\Flexible\Microcotroller- Microprocessor\LAB\Project\AssignmentProject\STM32F103RBTX_FLASH.ld" --specs=nosys.specs -Wl,-Map="AssignmentProject.map" -Wl,--gc-sections -static --specs=nano.specs -mfloat-abi=soft -mthumb -Wl,--start-group -lc -lm -Wl,--end-group
Finished building target: AssignmentProject.elf
 
arm-none-eabi-size   AssignmentProject.elf 
arm-none-eabi-objdump -h -S  AssignmentProject.elf  > "AssignmentProject.list"
arm-none-eabi-objcopy  -O binary  AssignmentProject.elf  "AssignmentProject.bin"
   text	   data	    bss	    dec	    hex	filename
  15008	    112	   1848	  16968	   4248	AssignmentProject.elf
Finished building: default.size.stdout
 
Finished building: AssignmentProject.list
 
Finished building: AssignmentProject.bin
 
11:18:49 **** Incremental Build of configuration Debug for project AssignmentProject ****
make -j8 all 
arm-none-eabi-size   AssignmentProject.elf 
   text	   data	    bss	    dec	    hex	filename
  15008	    112	   1848	  16968	   4248	AssignmentProject.elf
Finished building: default.size.stdout
 
11:19:02 **** Incremental Build of configuration Debug for project AssignmentProject ****
make -j8 all 
arm-none-eabi-gcc "../Core/Src/software_timer.c" -mcpu=cortex-m3 -std=gnu11 -g3 -DDEBUG -DUSE_HAL_DRIVER -DSTM32F103xB -c -I../Core/Inc -I../Drivers/STM32F1xx_HAL_Driver/Inc -I../Drivers/STM32F1xx_HAL_Driver/Inc/Legacy -I../Drivers/CMSIS/Device/ST/STM32F1xx/Include -I../Drivers/CMSIS/Include -O0 -ffunction-sections -fdata-sections -Wall -fstack-usage -MMD -MP -MF"Core/Src/software_timer.d" -MT"Core/Src/software_timer.o" --specs=nano.specs -mfloat-abi=soft -mthumb -o "Core/Src/software_timer.o"
../Core/Src/software_timer.c: In function 'timerInit':
../Core/Src/software_timer.c:58:1: warning: control reaches end of non-void function [-Wreturn-type]
   58 | }
      | ^
arm-none-eabi-gcc -o "AssignmentProject.elf" @"objects.list"   -mcpu=cortex-m3 -T"E:\Files\Flexible\Microcotroller- Microprocessor\LAB\Project\AssignmentProject\STM32F103RBTX_FLASH.ld" --specs=nosys.specs -Wl,-Map="AssignmentProject.map" -Wl,--gc-sections -static --specs=nano.specs -mfloat-abi=soft -mthumb -Wl,--start-group -lc -lm -Wl,--end-group
Finished building target: AssignmentProject.elf
 
arm-none-eabi-size   AssignmentProject.elf 
arm-none-eabi-objdump -h -S  AssignmentProject.elf  > "AssignmentProject.list"
arm-none-eabi-objcopy  -O binary  AssignmentProject.elf  "AssignmentProject.bin"
   text	   data	    bss	    dec	    hex	filename
  15008	    112	   1848	  16968	   4248	AssignmentProject.elf
Finished building: default.size.stdout
 
Finished building: AssignmentProject.bin
 
Finished building: AssignmentProject.list
 
11:19:33 **** Incremental Build of configuration Debug for project AssignmentProject ****
make -j8 all 
arm-none-eabi-gcc "../Core/Src/button.c" -mcpu=cortex-m3 -std=gnu11 -g3 -DDEBUG -DUSE_HAL_DRIVER -DSTM32F103xB -c -I../Core/Inc -I../Drivers/STM32F1xx_HAL_Driver/Inc -I../Drivers/STM32F1xx_HAL_Driver/Inc/Legacy -I../Drivers/CMSIS/Device/ST/STM32F1xx/Include -I../Drivers/CMSIS/Include -O0 -ffunction-sections -fdata-sections -Wall -fstack-usage -MMD -MP -MF"Core/Src/button.d" -MT"Core/Src/button.o" --specs=nano.specs -mfloat-abi=soft -mthumb -o "Core/Src/button.o"
arm-none-eabi-gcc "../Core/Src/buzzer.c" -mcpu=cortex-m3 -std=gnu11 -g3 -DDEBUG -DUSE_HAL_DRIVER -DSTM32F103xB -c -I../Core/Inc -I../Drivers/STM32F1xx_HAL_Driver/Inc -I../Drivers/STM32F1xx_HAL_Driver/Inc/Legacy -I../Drivers/CMSIS/Device/ST/STM32F1xx/Include -I../Drivers/CMSIS/Include -O0 -ffunction-sections -fdata-sections -Wall -fstack-usage -MMD -MP -MF"Core/Src/buzzer.d" -MT"Core/Src/buzzer.o" --specs=nano.specs -mfloat-abi=soft -mthumb -o "Core/Src/buzzer.o"
arm-none-eabi-gcc "../Core/Src/global.c" -mcpu=cortex-m3 -std=gnu11 -g3 -DDEBUG -DUSE_HAL_DRIVER -DSTM32F103xB -c -I../Core/Inc -I../Drivers/STM32F1xx_HAL_Driver/Inc -I../Drivers/STM32F1xx_HAL_Driver/Inc/Legacy -I../Drivers/CMSIS/Device/ST/STM32F1xx/Include -I../Drivers/CMSIS/Include -O0 -ffunction-sections -fdata-sections -Wall -fstack-usage -MMD -MP -MF"Core/Src/global.d" -MT"Core/Src/global.o" --specs=nano.specs -mfloat-abi=soft -mthumb -o "Core/Src/global.o"
arm-none-eabi-gcc "../Core/Src/main.c" -mcpu=cortex-m3 -std=gnu11 -g3 -DDEBUG -DUSE_HAL_DRIVER -DSTM32F103xB -c -I../Core/Inc -I../Drivers/STM32F1xx_HAL_Driver/Inc -I../Drivers/STM32F1xx_HAL_Driver/Inc/Legacy -I../Drivers/CMSIS/Device/ST/STM32F1xx/Include -I../Drivers/CMSIS/Include -O0 -ffunction-sections -fdata-sections -Wall -fstack-usage -MMD -MP -MF"Core/Src/main.d" -MT"Core/Src/main.o" --specs=nano.specs -mfloat-abi=soft -mthumb -o "Core/Src/main.o"
arm-none-eabi-gcc "../Core/Src/pedestrian_light.c" -mcpu=cortex-m3 -std=gnu11 -g3 -DDEBUG -DUSE_HAL_DRIVER -DSTM32F103xB -c -I../Core/Inc -I../Drivers/STM32F1xx_HAL_Driver/Inc -I../Drivers/STM32F1xx_HAL_Driver/Inc/Legacy -I../Drivers/CMSIS/Device/ST/STM32F1xx/Include -I../Drivers/CMSIS/Include -O0 -ffunction-sections -fdata-sections -Wall -fstack-usage -MMD -MP -MF"Core/Src/pedestrian_light.d" -MT"Core/Src/pedestrian_light.o" --specs=nano.specs -mfloat-abi=soft -mthumb -o "Core/Src/pedestrian_light.o"
arm-none-eabi-gcc "../Core/Src/scheduler.c" -mcpu=cortex-m3 -std=gnu11 -g3 -DDEBUG -DUSE_HAL_DRIVER -DSTM32F103xB -c -I../Core/Inc -I../Drivers/STM32F1xx_HAL_Driver/Inc -I../Drivers/STM32F1xx_HAL_Driver/Inc/Legacy -I../Drivers/CMSIS/Device/ST/STM32F1xx/Include -I../Drivers/CMSIS/Include -O0 -ffunction-sections -fdata-sections -Wall -fstack-usage -MMD -MP -MF"Core/Src/scheduler.d" -MT"Core/Src/scheduler.o" --specs=nano.specs -mfloat-abi=soft -mthumb -o "Core/Src/scheduler.o"
arm-none-eabi-gcc "../Core/Src/software_timer.c" -mcpu=cortex-m3 -std=gnu11 -g3 -DDEBUG -DUSE_HAL_DRIVER -DSTM32F103xB -c -I../Core/Inc -I../Drivers/STM32F1xx_HAL_Driver/Inc -I../Drivers/STM32F1xx_HAL_Driver/Inc/Legacy -I../Drivers/CMSIS/Device/ST/STM32F1xx/Include -I../Drivers/CMSIS/Include -O0 -ffunction-sections -fdata-sections -Wall -fstack-usage -MMD -MP -MF"Core/Src/software_timer.d" -MT"Core/Src/software_timer.o" --specs=nano.specs -mfloat-abi=soft -mthumb -o "Core/Src/software_timer.o"
arm-none-eabi-gcc "../Core/Src/traffic_automatic.c" -mcpu=cortex-m3 -std=gnu11 -g3 -DDEBUG -DUSE_HAL_DRIVER -DSTM32F103xB -c -I../Core/Inc -I../Drivers/STM32F1xx_HAL_Driver/Inc -I../Drivers/STM32F1xx_HAL_Driver/Inc/Legacy -I../Drivers/CMSIS/Device/ST/STM32F1xx/Include -I../Drivers/CMSIS/Include -O0 -ffunction-sections -fdata-sections -Wall -fstack-usage -MMD -MP -MF"Core/Src/traffic_automatic.d" -MT"Core/Src/traffic_automatic.o" --specs=nano.specs -mfloat-abi=soft -mthumb -o "Core/Src/traffic_automatic.o"
arm-none-eabi-gcc "../Core/Src/traffic_manual.c" -mcpu=cortex-m3 -std=gnu11 -g3 -DDEBUG -DUSE_HAL_DRIVER -DSTM32F103xB -c -I../Core/Inc -I../Drivers/STM32F1xx_HAL_Driver/Inc -I../Drivers/STM32F1xx_HAL_Driver/Inc/Legacy -I../Drivers/CMSIS/Device/ST/STM32F1xx/Include -I../Drivers/CMSIS/Include -O0 -ffunction-sections -fdata-sections -Wall -fstack-usage -MMD -MP -MF"Core/Src/traffic_manual.d" -MT"Core/Src/traffic_manual.o" --specs=nano.specs -mfloat-abi=soft -mthumb -o "Core/Src/traffic_manual.o"
arm-none-eabi-gcc "../Core/Src/traffic_tuning.c" -mcpu=cortex-m3 -std=gnu11 -g3 -DDEBUG -DUSE_HAL_DRIVER -DSTM32F103xB -c -I../Core/Inc -I../Drivers/STM32F1xx_HAL_Driver/Inc -I../Drivers/STM32F1xx_HAL_Driver/Inc/Legacy -I../Drivers/CMSIS/Device/ST/STM32F1xx/Include -I../Drivers/CMSIS/Include -O0 -ffunction-sections -fdata-sections -Wall -fstack-usage -MMD -MP -MF"Core/Src/traffic_tuning.d" -MT"Core/Src/traffic_tuning.o" --specs=nano.specs -mfloat-abi=soft -mthumb -o "Core/Src/traffic_tuning.o"
arm-none-eabi-gcc -o "AssignmentProject.elf" @"objects.list"   -mcpu=cortex-m3 -T"E:\Files\Flexible\Microcotroller- Microprocessor\LAB\Project\AssignmentProject\STM32F103RBTX_FLASH.ld" --specs=nosys.specs -Wl,-Map="AssignmentProject.map" -Wl,--gc-sections -static --specs=nano.specs -mfloat-abi=soft -mthumb -Wl,--start-group -lc -lm -Wl,--end-group
Finished building target: AssignmentProject.elf
 
arm-none-eabi-size   AssignmentProject.elf 
arm-none-eabi-objdump -h -S  AssignmentProject.elf  > "AssignmentProject.list"
arm-none-eabi-objcopy  -O binary  AssignmentProject.elf  "AssignmentProject.bin"
   text	   data	    bss	    dec	    hex	filename
  15008	    112	   1848	  16968	   4248	AssignmentProject.elf
Finished building: default.size.stdout
 
Finished building: AssignmentProject.bin
 
Finished building: AssignmentProject.list
 
11:19:49 **** Incremental Build of configuration Debug for project AssignmentProject ****
make -j8 all 
arm-none-eabi-size   AssignmentProject.elf 
   text	   data	    bss	    dec	    hex	filename
  15008	    112	   1848	  16968	   4248	AssignmentProject.elf
Finished building: default.size.stdout
 
11:20:01 **** Incremental Build of configuration Debug for project AssignmentProject ****
make -j8 all 
arm-none-eabi-size   AssignmentProject.elf 
   text	   data	    bss	    dec	    hex	filename
  15008	    112	   1848	  16968	   4248	AssignmentProject.elf
Finished building: default.size.stdout
 
11:20:11 **** Incremental Build of configuration Debug for project AssignmentProject ****
make -j8 all 
arm-none-eabi-size   AssignmentProject.elf 
   text	   data	    bss	    dec	    hex	filename
  15008	    112	   1848	  16968	   4248	AssignmentProject.elf
Finished building: default.size.stdout
 
11:22:37 **** Incremental Build of configuration Debug for project AssignmentProject ****
make -j8 all 
arm-none-eabi-gcc "../Core/Src/button.c" -mcpu=cortex-m3 -std=gnu11 -g3 -DDEBUG -DUSE_HAL_DRIVER -DSTM32F103xB -c -I../Core/Inc -I../Drivers/STM32F1xx_HAL_Driver/Inc -I../Drivers/STM32F1xx_HAL_Driver/Inc/Legacy -I../Drivers/CMSIS/Device/ST/STM32F1xx/Include -I../Drivers/CMSIS/Include -O0 -ffunction-sections -fdata-sections -Wall -fstack-usage -MMD -MP -MF"Core/Src/button.d" -MT"Core/Src/button.o" --specs=nano.specs -mfloat-abi=soft -mthumb -o "Core/Src/button.o"
arm-none-eabi-gcc "../Core/Src/buzzer.c" -mcpu=cortex-m3 -std=gnu11 -g3 -DDEBUG -DUSE_HAL_DRIVER -DSTM32F103xB -c -I../Core/Inc -I../Drivers/STM32F1xx_HAL_Driver/Inc -I../Drivers/STM32F1xx_HAL_Driver/Inc/Legacy -I../Drivers/CMSIS/Device/ST/STM32F1xx/Include -I../Drivers/CMSIS/Include -O0 -ffunction-sections -fdata-sections -Wall -fstack-usage -MMD -MP -MF"Core/Src/buzzer.d" -MT"Core/Src/buzzer.o" --specs=nano.specs -mfloat-abi=soft -mthumb -o "Core/Src/buzzer.o"
arm-none-eabi-gcc "../Core/Src/global.c" -mcpu=cortex-m3 -std=gnu11 -g3 -DDEBUG -DUSE_HAL_DRIVER -DSTM32F103xB -c -I../Core/Inc -I../Drivers/STM32F1xx_HAL_Driver/Inc -I../Drivers/STM32F1xx_HAL_Driver/Inc/Legacy -I../Drivers/CMSIS/Device/ST/STM32F1xx/Include -I../Drivers/CMSIS/Include -O0 -ffunction-sections -fdata-sections -Wall -fstack-usage -MMD -MP -MF"Core/Src/global.d" -MT"Core/Src/global.o" --specs=nano.specs -mfloat-abi=soft -mthumb -o "Core/Src/global.o"
arm-none-eabi-gcc "../Core/Src/main.c" -mcpu=cortex-m3 -std=gnu11 -g3 -DDEBUG -DUSE_HAL_DRIVER -DSTM32F103xB -c -I../Core/Inc -I../Drivers/STM32F1xx_HAL_Driver/Inc -I../Drivers/STM32F1xx_HAL_Driver/Inc/Legacy -I../Drivers/CMSIS/Device/ST/STM32F1xx/Include -I../Drivers/CMSIS/Include -O0 -ffunction-sections -fdata-sections -Wall -fstack-usage -MMD -MP -MF"Core/Src/main.d" -MT"Core/Src/main.o" --specs=nano.specs -mfloat-abi=soft -mthumb -o "Core/Src/main.o"
arm-none-eabi-gcc "../Core/Src/pedestrian_light.c" -mcpu=cortex-m3 -std=gnu11 -g3 -DDEBUG -DUSE_HAL_DRIVER -DSTM32F103xB -c -I../Core/Inc -I../Drivers/STM32F1xx_HAL_Driver/Inc -I../Drivers/STM32F1xx_HAL_Driver/Inc/Legacy -I../Drivers/CMSIS/Device/ST/STM32F1xx/Include -I../Drivers/CMSIS/Include -O0 -ffunction-sections -fdata-sections -Wall -fstack-usage -MMD -MP -MF"Core/Src/pedestrian_light.d" -MT"Core/Src/pedestrian_light.o" --specs=nano.specs -mfloat-abi=soft -mthumb -o "Core/Src/pedestrian_light.o"
arm-none-eabi-gcc "../Core/Src/scheduler.c" -mcpu=cortex-m3 -std=gnu11 -g3 -DDEBUG -DUSE_HAL_DRIVER -DSTM32F103xB -c -I../Core/Inc -I../Drivers/STM32F1xx_HAL_Driver/Inc -I../Drivers/STM32F1xx_HAL_Driver/Inc/Legacy -I../Drivers/CMSIS/Device/ST/STM32F1xx/Include -I../Drivers/CMSIS/Include -O0 -ffunction-sections -fdata-sections -Wall -fstack-usage -MMD -MP -MF"Core/Src/scheduler.d" -MT"Core/Src/scheduler.o" --specs=nano.specs -mfloat-abi=soft -mthumb -o "Core/Src/scheduler.o"
arm-none-eabi-gcc "../Core/Src/software_timer.c" -mcpu=cortex-m3 -std=gnu11 -g3 -DDEBUG -DUSE_HAL_DRIVER -DSTM32F103xB -c -I../Core/Inc -I../Drivers/STM32F1xx_HAL_Driver/Inc -I../Drivers/STM32F1xx_HAL_Driver/Inc/Legacy -I../Drivers/CMSIS/Device/ST/STM32F1xx/Include -I../Drivers/CMSIS/Include -O0 -ffunction-sections -fdata-sections -Wall -fstack-usage -MMD -MP -MF"Core/Src/software_timer.d" -MT"Core/Src/software_timer.o" --specs=nano.specs -mfloat-abi=soft -mthumb -o "Core/Src/software_timer.o"
arm-none-eabi-gcc "../Core/Src/traffic_automatic.c" -mcpu=cortex-m3 -std=gnu11 -g3 -DDEBUG -DUSE_HAL_DRIVER -DSTM32F103xB -c -I../Core/Inc -I../Drivers/STM32F1xx_HAL_Driver/Inc -I../Drivers/STM32F1xx_HAL_Driver/Inc/Legacy -I../Drivers/CMSIS/Device/ST/STM32F1xx/Include -I../Drivers/CMSIS/Include -O0 -ffunction-sections -fdata-sections -Wall -fstack-usage -MMD -MP -MF"Core/Src/traffic_automatic.d" -MT"Core/Src/traffic_automatic.o" --specs=nano.specs -mfloat-abi=soft -mthumb -o "Core/Src/traffic_automatic.o"
arm-none-eabi-gcc "../Core/Src/traffic_manual.c" -mcpu=cortex-m3 -std=gnu11 -g3 -DDEBUG -DUSE_HAL_DRIVER -DSTM32F103xB -c -I../Core/Inc -I../Drivers/STM32F1xx_HAL_Driver/Inc -I../Drivers/STM32F1xx_HAL_Driver/Inc/Legacy -I../Drivers/CMSIS/Device/ST/STM32F1xx/Include -I../Drivers/CMSIS/Include -O0 -ffunction-sections -fdata-sections -Wall -fstack-usage -MMD -MP -MF"Core/Src/traffic_manual.d" -MT"Core/Src/traffic_manual.o" --specs=nano.specs -mfloat-abi=soft -mthumb -o "Core/Src/traffic_manual.o"
arm-none-eabi-gcc "../Core/Src/traffic_tuning.c" -mcpu=cortex-m3 -std=gnu11 -g3 -DDEBUG -DUSE_HAL_DRIVER -DSTM32F103xB -c -I../Core/Inc -I../Drivers/STM32F1xx_HAL_Driver/Inc -I../Drivers/STM32F1xx_HAL_Driver/Inc/Legacy -I../Drivers/CMSIS/Device/ST/STM32F1xx/Include -I../Drivers/CMSIS/Include -O0 -ffunction-sections -fdata-sections -Wall -fstack-usage -MMD -MP -MF"Core/Src/traffic_tuning.d" -MT"Core/Src/traffic_tuning.o" --specs=nano.specs -mfloat-abi=soft -mthumb -o "Core/Src/traffic_tuning.o"
arm-none-eabi-gcc -o "AssignmentProject.elf" @"objects.list"   -mcpu=cortex-m3 -T"E:\Files\Flexible\Microcotroller- Microprocessor\LAB\Project\AssignmentProject\STM32F103RBTX_FLASH.ld" --specs=nosys.specs -Wl,-Map="AssignmentProject.map" -Wl,--gc-sections -static --specs=nano.specs -mfloat-abi=soft -mthumb -Wl,--start-group -lc -lm -Wl,--end-group
Finished building target: AssignmentProject.elf
 
arm-none-eabi-size   AssignmentProject.elf 
arm-none-eabi-objdump -h -S  AssignmentProject.elf  > "AssignmentProject.list"
arm-none-eabi-objcopy  -O binary  AssignmentProject.elf  "AssignmentProject.bin"
   text	   data	    bss	    dec	    hex	filename
  15008	    112	   1848	  16968	   4248	AssignmentProject.elf
Finished building: default.size.stdout
 
Finished building: AssignmentProject.bin
 
Finished building: AssignmentProject.list
 
11:22:49 **** Incremental Build of configuration Debug for project AssignmentProject ****
make -j8 all 
arm-none-eabi-size   AssignmentProject.elf 
   text	   data	    bss	    dec	    hex	filename
  15008	    112	   1848	  16968	   4248	AssignmentProject.elf
Finished building: default.size.stdout
 
11:23:25 **** Incremental Build of configuration Debug for project AssignmentProject ****
make -j8 all 
arm-none-eabi-size   AssignmentProject.elf 
   text	   data	    bss	    dec	    hex	filename
  15008	    112	   1848	  16968	   4248	AssignmentProject.elf
Finished building: default.size.stdout
 
11:25:20 **** Incremental Build of configuration Debug for project AssignmentProject ****
make -j8 all 
arm-none-eabi-size   AssignmentProject.elf 
   text	   data	    bss	    dec	    hex	filename
  15008	    112	   1848	  16968	   4248	AssignmentProject.elf
Finished building: default.size.stdout
 
11:25:35 **** Incremental Build of configuration Debug for project AssignmentProject ****
make -j8 all 
arm-none-eabi-size   AssignmentProject.elf 
   text	   data	    bss	    dec	    hex	filename
  15008	    112	   1848	  16968	   4248	AssignmentProject.elf
Finished building: default.size.stdout
 
11:25:55 **** Incremental Build of configuration Debug for project AssignmentProject ****
make -j8 all 
arm-none-eabi-size   AssignmentProject.elf 
   text	   data	    bss	    dec	    hex	filename
  15008	    112	   1848	  16968	   4248	AssignmentProject.elf
Finished building: default.size.stdout
 
11:26:05 **** Incremental Build of configuration Debug for project AssignmentProject ****
make -j8 all 
arm-none-eabi-size   AssignmentProject.elf 
   text	   data	    bss	    dec	    hex	filename
  15008	    112	   1848	  16968	   4248	AssignmentProject.elf
Finished building: default.size.stdout
 
11:26:18 **** Incremental Build of configuration Debug for project AssignmentProject ****
make -j8 all 
arm-none-eabi-size   AssignmentProject.elf 
   text	   data	    bss	    dec	    hex	filename
  15008	    112	   1848	  16968	   4248	AssignmentProject.elf
Finished building: default.size.stdout
 
11:27:47 **** Incremental Build of configuration Debug for project AssignmentProject ****
make -j8 all 
arm-none-eabi-gcc "../Core/Src/main.c" -mcpu=cortex-m3 -std=gnu11 -g3 -DDEBUG -DUSE_HAL_DRIVER -DSTM32F103xB -c -I../Core/Inc -I../Drivers/STM32F1xx_HAL_Driver/Inc -I../Drivers/STM32F1xx_HAL_Driver/Inc/Legacy -I../Drivers/CMSIS/Device/ST/STM32F1xx/Include -I../Drivers/CMSIS/Include -O0 -ffunction-sections -fdata-sections -Wall -fstack-usage -MMD -MP -MF"Core/Src/main.d" -MT"Core/Src/main.o" --specs=nano.specs -mfloat-abi=soft -mthumb -o "Core/Src/main.o"
arm-none-eabi-gcc -o "AssignmentProject.elf" @"objects.list"   -mcpu=cortex-m3 -T"E:\Files\Flexible\Microcotroller- Microprocessor\LAB\Project\AssignmentProject\STM32F103RBTX_FLASH.ld" --specs=nosys.specs -Wl,-Map="AssignmentProject.map" -Wl,--gc-sections -static --specs=nano.specs -mfloat-abi=soft -mthumb -Wl,--start-group -lc -lm -Wl,--end-group
Finished building target: AssignmentProject.elf
 
arm-none-eabi-size   AssignmentProject.elf 
arm-none-eabi-objdump -h -S  AssignmentProject.elf  > "AssignmentProject.list"
arm-none-eabi-objcopy  -O binary  AssignmentProject.elf  "AssignmentProject.bin"
   text	   data	    bss	    dec	    hex	filename
  15052	    112	   1848	  17012	   4274	AssignmentProject.elf
Finished building: default.size.stdout
 
Finished building: AssignmentProject.bin
 
Finished building: AssignmentProject.list
 
11:31:50 **** Incremental Build of configuration Debug for project AssignmentProject ****
make -j8 all 
arm-none-eabi-gcc "../Core/Src/traffic_automatic.c" -mcpu=cortex-m3 -std=gnu11 -g3 -DDEBUG -DUSE_HAL_DRIVER -DSTM32F103xB -c -I../Core/Inc -I../Drivers/STM32F1xx_HAL_Driver/Inc -I../Drivers/STM32F1xx_HAL_Driver/Inc/Legacy -I../Drivers/CMSIS/Device/ST/STM32F1xx/Include -I../Drivers/CMSIS/Include -O0 -ffunction-sections -fdata-sections -Wall -fstack-usage -MMD -MP -MF"Core/Src/traffic_automatic.d" -MT"Core/Src/traffic_automatic.o" --specs=nano.specs -mfloat-abi=soft -mthumb -o "Core/Src/traffic_automatic.o"
arm-none-eabi-gcc -o "AssignmentProject.elf" @"objects.list"   -mcpu=cortex-m3 -T"E:\Files\Flexible\Microcotroller- Microprocessor\LAB\Project\AssignmentProject\STM32F103RBTX_FLASH.ld" --specs=nosys.specs -Wl,-Map="AssignmentProject.map" -Wl,--gc-sections -static --specs=nano.specs -mfloat-abi=soft -mthumb -Wl,--start-group -lc -lm -Wl,--end-group
Finished building target: AssignmentProject.elf
 
arm-none-eabi-size   AssignmentProject.elf 
arm-none-eabi-objdump -h -S  AssignmentProject.elf  > "AssignmentProject.list"
arm-none-eabi-objcopy  -O binary  AssignmentProject.elf  "AssignmentProject.bin"
   text	   data	    bss	    dec	    hex	filename
  15052	    112	   1848	  17012	   4274	AssignmentProject.elf
Finished building: default.size.stdout
 
Finished building: AssignmentProject.bin
 
Finished building: AssignmentProject.list
 
11:32:03 **** Incremental Build of configuration Debug for project AssignmentProject ****
make -j8 all 
arm-none-eabi-size   AssignmentProject.elf 
   text	   data	    bss	    dec	    hex	filename
  15052	    112	   1848	  17012	   4274	AssignmentProject.elf
Finished building: default.size.stdout
 
11:32:16 **** Incremental Build of configuration Debug for project AssignmentProject ****
make -j8 all 
arm-none-eabi-size   AssignmentProject.elf 
   text	   data	    bss	    dec	    hex	filename
  15052	    112	   1848	  17012	   4274	AssignmentProject.elf
Finished building: default.size.stdout
 
11:33:37 **** Incremental Build of configuration Debug for project AssignmentProject ****
make -j8 all 
arm-none-eabi-gcc "../Core/Src/main.c" -mcpu=cortex-m3 -std=gnu11 -g3 -DDEBUG -DUSE_HAL_DRIVER -DSTM32F103xB -c -I../Core/Inc -I../Drivers/STM32F1xx_HAL_Driver/Inc -I../Drivers/STM32F1xx_HAL_Driver/Inc/Legacy -I../Drivers/CMSIS/Device/ST/STM32F1xx/Include -I../Drivers/CMSIS/Include -O0 -ffunction-sections -fdata-sections -Wall -fstack-usage -MMD -MP -MF"Core/Src/main.d" -MT"Core/Src/main.o" --specs=nano.specs -mfloat-abi=soft -mthumb -o "Core/Src/main.o"
arm-none-eabi-gcc "../Core/Src/traffic_automatic.c" -mcpu=cortex-m3 -std=gnu11 -g3 -DDEBUG -DUSE_HAL_DRIVER -DSTM32F103xB -c -I../Core/Inc -I../Drivers/STM32F1xx_HAL_Driver/Inc -I../Drivers/STM32F1xx_HAL_Driver/Inc/Legacy -I../Drivers/CMSIS/Device/ST/STM32F1xx/Include -I../Drivers/CMSIS/Include -O0 -ffunction-sections -fdata-sections -Wall -fstack-usage -MMD -MP -MF"Core/Src/traffic_automatic.d" -MT"Core/Src/traffic_automatic.o" --specs=nano.specs -mfloat-abi=soft -mthumb -o "Core/Src/traffic_automatic.o"
arm-none-eabi-gcc -o "AssignmentProject.elf" @"objects.list"   -mcpu=cortex-m3 -T"E:\Files\Flexible\Microcotroller- Microprocessor\LAB\Project\AssignmentProject\STM32F103RBTX_FLASH.ld" --specs=nosys.specs -Wl,-Map="AssignmentProject.map" -Wl,--gc-sections -static --specs=nano.specs -mfloat-abi=soft -mthumb -Wl,--start-group -lc -lm -Wl,--end-group
Finished building target: AssignmentProject.elf
 
arm-none-eabi-size   AssignmentProject.elf 
arm-none-eabi-objdump -h -S  AssignmentProject.elf  > "AssignmentProject.list"
arm-none-eabi-objcopy  -O binary  AssignmentProject.elf  "AssignmentProject.bin"
   text	   data	    bss	    dec	    hex	filename
  15052	    112	   1848	  17012	   4274	AssignmentProject.elf
Finished building: default.size.stdout
 
Finished building: AssignmentProject.bin
 
Finished building: AssignmentProject.list
 
11:33:58 **** Incremental Build of configuration Debug for project AssignmentProject ****
make -j8 all 
arm-none-eabi-size   AssignmentProject.elf 
   text	   data	    bss	    dec	    hex	filename
  15052	    112	   1848	  17012	   4274	AssignmentProject.elf
Finished building: default.size.stdout
 
11:38:26 **** Incremental Build of configuration Debug for project AssignmentProject ****
make -j8 all 
arm-none-eabi-gcc "../Core/Src/main.c" -mcpu=cortex-m3 -std=gnu11 -g3 -DDEBUG -DUSE_HAL_DRIVER -DSTM32F103xB -c -I../Core/Inc -I../Drivers/STM32F1xx_HAL_Driver/Inc -I../Drivers/STM32F1xx_HAL_Driver/Inc/Legacy -I../Drivers/CMSIS/Device/ST/STM32F1xx/Include -I../Drivers/CMSIS/Include -O0 -ffunction-sections -fdata-sections -Wall -fstack-usage -MMD -MP -MF"Core/Src/main.d" -MT"Core/Src/main.o" --specs=nano.specs -mfloat-abi=soft -mthumb -o "Core/Src/main.o"
arm-none-eabi-gcc "../Core/Src/traffic_automatic.c" -mcpu=cortex-m3 -std=gnu11 -g3 -DDEBUG -DUSE_HAL_DRIVER -DSTM32F103xB -c -I../Core/Inc -I../Drivers/STM32F1xx_HAL_Driver/Inc -I../Drivers/STM32F1xx_HAL_Driver/Inc/Legacy -I../Drivers/CMSIS/Device/ST/STM32F1xx/Include -I../Drivers/CMSIS/Include -O0 -ffunction-sections -fdata-sections -Wall -fstack-usage -MMD -MP -MF"Core/Src/traffic_automatic.d" -MT"Core/Src/traffic_automatic.o" --specs=nano.specs -mfloat-abi=soft -mthumb -o "Core/Src/traffic_automatic.o"
arm-none-eabi-gcc -o "AssignmentProject.elf" @"objects.list"   -mcpu=cortex-m3 -T"E:\Files\Flexible\Microcotroller- Microprocessor\LAB\Project\AssignmentProject\STM32F103RBTX_FLASH.ld" --specs=nosys.specs -Wl,-Map="AssignmentProject.map" -Wl,--gc-sections -static --specs=nano.specs -mfloat-abi=soft -mthumb -Wl,--start-group -lc -lm -Wl,--end-group
Finished building target: AssignmentProject.elf
 
arm-none-eabi-size   AssignmentProject.elf 
arm-none-eabi-objdump -h -S  AssignmentProject.elf  > "AssignmentProject.list"
arm-none-eabi-objcopy  -O binary  AssignmentProject.elf  "AssignmentProject.bin"
   text	   data	    bss	    dec	    hex	filename
  15052	    112	   1848	  17012	   4274	AssignmentProject.elf
Finished building: default.size.stdout
 
Finished building: AssignmentProject.bin
 
Finished building: AssignmentProject.list
 
11:38:37 **** Incremental Build of configuration Debug for project AssignmentProject ****
make -j8 all 
arm-none-eabi-size   AssignmentProject.elf 
   text	   data	    bss	    dec	    hex	filename
  15052	    112	   1848	  17012	   4274	AssignmentProject.elf
Finished building: default.size.stdout
 
11:38:50 **** Incremental Build of configuration Debug for project AssignmentProject ****
make -j8 all 
arm-none-eabi-size   AssignmentProject.elf 
   text	   data	    bss	    dec	    hex	filename
  15052	    112	   1848	  17012	   4274	AssignmentProject.elf
Finished building: default.size.stdout
 
11:39:07 **** Incremental Build of configuration Debug for project AssignmentProject ****
make -j8 all 
arm-none-eabi-size   AssignmentProject.elf 
   text	   data	    bss	    dec	    hex	filename
  15052	    112	   1848	  17012	   4274	AssignmentProject.elf
Finished building: default.size.stdout
 
11:39:17 **** Incremental Build of configuration Debug for project AssignmentProject ****
make -j8 all 
arm-none-eabi-size   AssignmentProject.elf 
   text	   data	    bss	    dec	    hex	filename
  15052	    112	   1848	  17012	   4274	AssignmentProject.elf
Finished building: default.size.stdout
 
11:39:28 **** Incremental Build of configuration Debug for project AssignmentProject ****
make -j8 all 
arm-none-eabi-size   AssignmentProject.elf 
   text	   data	    bss	    dec	    hex	filename
  15052	    112	   1848	  17012	   4274	AssignmentProject.elf
Finished building: default.size.stdout
 
11:39:38 **** Incremental Build of configuration Debug for project AssignmentProject ****
make -j8 all 
arm-none-eabi-size   AssignmentProject.elf 
   text	   data	    bss	    dec	    hex	filename
  15052	    112	   1848	  17012	   4274	AssignmentProject.elf
Finished building: default.size.stdout
 
11:39:49 **** Incremental Build of configuration Debug for project AssignmentProject ****
make -j8 all 
arm-none-eabi-size   AssignmentProject.elf 
   text	   data	    bss	    dec	    hex	filename
  15052	    112	   1848	  17012	   4274	AssignmentProject.elf
Finished building: default.size.stdout
 
11:40:34 **** Incremental Build of configuration Debug for project AssignmentProject ****
make -j8 all 
arm-none-eabi-size   AssignmentProject.elf 
   text	   data	    bss	    dec	    hex	filename
  15052	    112	   1848	  17012	   4274	AssignmentProject.elf
Finished building: default.size.stdout
 
